<?xml version="1.0" encoding="UTF-8"?>
<!-- Generated by org.testng.reporters.JUnitReportReporter -->
<testsuite hostname="LAPTOP-L0I4BJND" failures="0" tests="2" name="testDropDown.TestFetchDropDown" time="23.992" errors="0" timestamp="22 Jan 2019 02:05:36 GMT" skipped="0">
  <testcase classname="testDropDown.TestFetchDropDown" name="testDropDownAllOption" time="12.143"/>
  <testcase classname="testDropDown.TestFetchDropDown" name="testDropDownSingleOption" time="11.849"/>
</testsuite> <!-- testDropDown.TestFetchDropDown -->
