<?xml version="1.0" encoding="UTF-8"?>
<!-- Generated by org.testng.reporters.JUnitReportReporter -->
<testsuite hostname="shagrias-MacBook-Air.local" failures="0" tests="70" name="testHomePage.TestMainPage" time="0.034" errors="1" timestamp="12 Jan 2019 17:06:15 GMT" skipped="69">
  <testcase classname="testHomePage.TestMainPage" name="testEmailPhoneForMobileAccounts" time="0.000">
    <skipped/>
  </testcase> <!-- testEmailPhoneForMobileAccounts -->
  <testcase classname="testHomePage.TestMainPage" name="testAmazonDotComCorporateCreditLine" time="0.000">
    <skipped/>
  </testcase> <!-- testAmazonDotComCorporateCreditLine -->
  <testcase classname="testHomePage.TestMainPage" name="testCareer" time="0.000">
    <skipped/>
  </testcase> <!-- testCareer -->
  <testcase classname="testHomePage.TestMainPage" name="testTodaysDeal" time="0.000">
    <skipped/>
  </testcase> <!-- testTodaysDeal -->
  <testcase classname="testHomePage.TestMainPage" name="testInvestorRelations" time="0.000">
    <skipped/>
  </testcase> <!-- testInvestorRelations -->
  <testcase classname="testHomePage.TestMainPage" name="testAmazonBusiness" time="0.000">
    <skipped/>
  </testcase> <!-- testAmazonBusiness -->
  <testcase classname="testHomePage.TestMainPage" name="testAmazonDotComStoreCard" time="0.000">
    <skipped/>
  </testcase> <!-- testAmazonDotComStoreCard -->
  <testcase classname="testHomePage.TestMainPage" name="testSeeMore" time="0.000">
    <skipped/>
  </testcase> <!-- testSeeMore -->
  <testcase classname="testHomePage.TestMainPage" name="testAmazonPaymentProducts" time="0.000">
    <skipped/>
  </testcase> <!-- testAmazonPaymentProducts -->
  <testcase classname="testHomePage.TestMainPage" name="testShippingRatesAndPolicies" time="0.000">
    <skipped/>
  </testcase> <!-- testShippingRatesAndPolicies -->
  <testcase classname="testHomePage.TestMainPage" name="testTrendsInLowPricedWatches" time="0.000">
    <skipped/>
  </testcase> <!-- testTrendsInLowPricedWatches -->
  <testcase classname="testHomePage.TestMainPage" name="testThisWeeksBargainItems" time="0.000">
    <skipped/>
  </testcase> <!-- testThisWeeksBargainItems -->
  <testcase classname="testHomePage.TestMainPage" name="testShopNow" time="0.000">
    <skipped/>
  </testcase> <!-- testShopNow -->
  <testcase classname="testHomePage.TestMainPage" name="testPrimeNow" time="0.000">
    <skipped/>
  </testcase> <!-- testPrimeNow -->
  <testcase classname="testHomePage.TestMainPage" name="testSignInForTheBestExperience" time="0.000">
    <skipped/>
  </testcase> <!-- testSignInForTheBestExperience -->
  <testcase classname="testHomePage.TestMainPage" name="testBookDepository" time="0.000">
    <skipped/>
  </testcase> <!-- testBookDepository -->
  <testcase classname="testHomePage.TestMainPage" name="testAboutAmazon" time="0.000">
    <skipped/>
  </testcase> <!-- testAboutAmazon -->
  <testcase classname="testHomePage.TestMainPage" name="testAmazonAdvertising" time="0.000">
    <skipped/>
  </testcase> <!-- testAmazonAdvertising -->
  <testcase classname="testHomePage.TestMainPage" name="testSellYourAppsOnAmazon" time="0.000">
    <skipped/>
  </testcase> <!-- testSellYourAppsOnAmazon -->
  <testcase classname="testHomePage.TestMainPage" name="testReloadYourBalance" time="0.000">
    <skipped/>
  </testcase> <!-- testReloadYourBalance -->
  <testcase classname="testHomePage.TestMainPage" name="testviewSearchBox" time="0.000">
    <skipped/>
  </testcase> <!-- testviewSearchBox -->
  <testcase classname="testHomePage.TestMainPage" name="testSelfPublishWithUs" time="0.000">
    <skipped/>
  </testcase> <!-- testSelfPublishWithUs -->
  <testcase classname="testHomePage.TestMainPage" name="testRecommendedItemsOtherCustomersOftenBuyAgain" time="0.000">
    <skipped/>
  </testcase> <!-- testRecommendedItemsOtherCustomersOftenBuyAgain -->
  <testcase classname="testHomePage.TestMainPage" name="testGiftCards" time="0.000">
    <skipped/>
  </testcase> <!-- testGiftCards -->
  <testcase classname="testHomePage.TestMainPage" name="setUp" time="0.034">
    <error message="The driver executable does not exist: /Users/shagriakabir/Desktop/tofael/kabir/BlueGrass/Amazon/..\Generic\browserDriver\chromedriver.exe" type="java.lang.IllegalStateException">
      <![CDATA[java.lang.IllegalStateException: The driver executable does not exist: /Users/shagriakabir/Desktop/tofael/kabir/BlueGrass/Amazon/..\Generic\browserDriver\chromedriver.exe
at com.google.common.base.Preconditions.checkState(Preconditions.java:585)
at org.openqa.selenium.remote.service.DriverService.checkExecutable(DriverService.java:137)
at org.openqa.selenium.remote.service.DriverService.findExecutable(DriverService.java:132)
at org.openqa.selenium.chrome.ChromeDriverService.access$000(ChromeDriverService.java:35)
at org.openqa.selenium.chrome.ChromeDriverService$Builder.findDefaultExecutable(ChromeDriverService.java:156)
at org.openqa.selenium.remote.service.DriverService$Builder.build(DriverService.java:346)
at org.openqa.selenium.chrome.ChromeDriverService.createDefaultService(ChromeDriverService.java:91)
at org.openqa.selenium.chrome.ChromeDriver.<init>(ChromeDriver.java:123)
at base.BaseUtil.getLocalDriver(BaseUtil.java:77)
at base.BaseUtil.setUp(BaseUtil.java:61)
at java.base/jdk.internal.reflect.NativeMethodAccessorImpl.invoke0(Native Method)
at java.base/jdk.internal.reflect.NativeMethodAccessorImpl.invoke(NativeMethodAccessorImpl.java:62)
at java.base/jdk.internal.reflect.DelegatingMethodAccessorImpl.invoke(DelegatingMethodAccessorImpl.java:43)
at java.base/java.lang.reflect.Method.invoke(Method.java:566)
at org.testng.internal.MethodInvocationHelper.invokeMethod(MethodInvocationHelper.java:124)
at org.testng.internal.MethodInvocationHelper.invokeMethodConsideringTimeout(MethodInvocationHelper.java:59)
at org.testng.internal.Invoker.invokeConfigurationMethod(Invoker.java:458)
at org.testng.internal.Invoker.invokeConfigurations(Invoker.java:222)
at org.testng.internal.Invoker.invokeMethod(Invoker.java:523)
at org.testng.internal.Invoker.invokeTestMethod(Invoker.java:719)
at org.testng.internal.Invoker.invokeTestMethods(Invoker.java:989)
at org.testng.internal.TestMethodWorker.invokeTestMethods(TestMethodWorker.java:125)
at org.testng.internal.TestMethodWorker.run(TestMethodWorker.java:109)
at org.testng.TestRunner.privateRun(TestRunner.java:648)
at org.testng.TestRunner.run(TestRunner.java:505)
at org.testng.SuiteRunner.runTest(SuiteRunner.java:455)
at org.testng.SuiteRunner.runSequentially(SuiteRunner.java:450)
at org.testng.SuiteRunner.privateRun(SuiteRunner.java:415)
at org.testng.SuiteRunner.run(SuiteRunner.java:364)
at org.testng.SuiteRunnerWorker.runSuite(SuiteRunnerWorker.java:52)
at org.testng.SuiteRunnerWorker.run(SuiteRunnerWorker.java:84)
at org.testng.TestNG.runSuitesSequentially(TestNG.java:1208)
at org.testng.TestNG.runSuitesLocally(TestNG.java:1137)
at org.testng.TestNG.runSuites(TestNG.java:1049)
at org.testng.TestNG.run(TestNG.java:1017)
at org.apache.maven.surefire.testng.TestNGExecutor.run(TestNGExecutor.java:283)
at org.apache.maven.surefire.testng.TestNGXmlTestSuite.execute(TestNGXmlTestSuite.java:75)
at org.apache.maven.surefire.testng.TestNGProvider.invoke(TestNGProvider.java:120)
at org.apache.maven.surefire.booter.ForkedBooter.invokeProviderInSameClassLoader(ForkedBooter.java:384)
at org.apache.maven.surefire.booter.ForkedBooter.runSuitesInProcess(ForkedBooter.java:345)
at org.apache.maven.surefire.booter.ForkedBooter.execute(ForkedBooter.java:126)
at org.apache.maven.surefire.booter.ForkedBooter.main(ForkedBooter.java:418)
]]>
    </error>
  </testcase> <!-- setUp -->
  <testcase classname="testHomePage.TestMainPage" name="testAmazonGlobal" time="0.000">
    <skipped/>
  </testcase> <!-- testAmazonGlobal -->
  <testcase classname="testHomePage.TestMainPage" name="testLetUsHelpYou" time="0.000">
    <skipped/>
  </testcase> <!-- testLetUsHelpYou -->
  <testcase classname="testHomePage.TestMainPage" name="testReturnsAndReplacements" time="0.000">
    <skipped/>
  </testcase> <!-- testReturnsAndReplacements -->
  <testcase classname="testHomePage.TestMainPage" name="testAmazonDevices" time="0.000">
    <skipped/>
  </testcase> <!-- testAmazonDevices -->
  <testcase classname="testHomePage.TestMainPage" name="testAmazonFresh" time="0.000">
    <skipped/>
  </testcase> <!-- testAmazonFresh -->
  <testcase classname="testHomePage.TestMainPage" name="testAffordableApparel" time="0.000">
    <skipped/>
  </testcase> <!-- testAffordableApparel -->
  <testcase classname="testHomePage.TestMainPage" name="testSellYourServicesOnAmazon" time="0.000">
    <skipped/>
  </testcase> <!-- testSellYourServicesOnAmazon -->
  <testcase classname="testHomePage.TestMainPage" name="testTodaysDealsUnder$25" time="0.000">
    <skipped/>
  </testcase> <!-- testTodaysDealsUnder$25 -->
  <testcase classname="testHomePage.TestMainPage" name="testAudible" time="0.000">
    <skipped/>
  </testcase> <!-- testAudible -->
  <testcase classname="testHomePage.TestMainPage" name="testZappos" time="0.000">
    <skipped/>
  </testcase> <!-- testZappos -->
  <testcase classname="testHomePage.TestMainPage" name="testYourAccount" time="0.000">
    <skipped/>
  </testcase> <!-- testYourAccount -->
  <testcase classname="testHomePage.TestMainPage" name="testGetToKnowUs" time="0.000">
    <skipped/>
  </testcase> <!-- testGetToKnowUs -->
  <testcase classname="testHomePage.TestMainPage" name="testMakeMoneyWithUs" time="0.000">
    <skipped/>
  </testcase> <!-- testMakeMoneyWithUs -->
  <testcase classname="testHomePage.TestMainPage" name="testPrimeVideoDirect" time="0.000">
    <skipped/>
  </testcase> <!-- testPrimeVideoDirect -->
  <testcase classname="testHomePage.TestMainPage" name="testAmazonCurrencyConverter" time="0.000">
    <skipped/>
  </testcase> <!-- testAmazonCurrencyConverter -->
  <testcase classname="testHomePage.TestMainPage" name="testCreditCardMarketplace" time="0.000">
    <skipped/>
  </testcase> <!-- testCreditCardMarketplace -->
  <testcase classname="testHomePage.TestMainPage" name="testAmazonWebServices" time="0.000">
    <skipped/>
  </testcase> <!-- testAmazonWebServices -->
  <testcase classname="testHomePage.TestMainPage" name="testSellOnAmazon" time="0.000">
    <skipped/>
  </testcase> <!-- testSellOnAmazon -->
  <testcase classname="testHomePage.TestMainPage" name="testSellUnderPrivateBrands" time="0.000">
    <skipped/>
  </testcase> <!-- testSellUnderPrivateBrands -->
  <testcase classname="testHomePage.TestMainPage" name="testAmazonAssistant" time="0.000">
    <skipped/>
  </testcase> <!-- testAmazonAssistant -->
  <testcase classname="testHomePage.TestMainPage" name="testGoodReads" time="0.000">
    <skipped/>
  </testcase> <!-- testGoodReads -->
  <testcase classname="testHomePage.TestMainPage" name="testFabric" time="0.000">
    <skipped/>
  </testcase> <!-- testFabric -->
  <testcase classname="testHomePage.TestMainPage" name="testAmazonMusic" time="0.000">
    <skipped/>
  </testcase> <!-- testAmazonMusic -->
  <testcase classname="testHomePage.TestMainPage" name="testOrders" time="0.000">
    <skipped/>
  </testcase> <!-- testOrders -->
  <testcase classname="testHomePage.TestMainPage" name="testAmazonBusinessCard" time="0.000">
    <skipped/>
  </testcase> <!-- testAmazonBusinessCard -->
  <testcase classname="testHomePage.TestMainPage" name="testAmazonPrime" time="0.000">
    <skipped/>
  </testcase> <!-- testAmazonPrime -->
  <testcase classname="testHomePage.TestMainPage" name="testBlog" time="0.000">
    <skipped/>
  </testcase> <!-- testBlog -->
  <testcase classname="testHomePage.TestMainPage" name="testWholeFoods" time="0.000">
    <skipped/>
  </testcase> <!-- testWholeFoods -->
  <testcase classname="testHomePage.TestMainPage" name="testThisWeeksNewReleases" time="0.000">
    <skipped/>
  </testcase> <!-- testThisWeeksNewReleases -->
  <testcase classname="testHomePage.TestMainPage" name="testAdvertiseYourProducts" time="0.000">
    <skipped/>
  </testcase> <!-- testAdvertiseYourProducts -->
  <testcase classname="testHomePage.TestMainPage" name="testYourAmazonDotCom" time="0.000">
    <skipped/>
  </testcase> <!-- testYourAmazonDotCom -->
  <testcase classname="testHomePage.TestMainPage" name="testEastDane" time="0.000">
    <skipped/>
  </testcase> <!-- testEastDane -->
  <testcase classname="testHomePage.TestMainPage" name="testAdFeedback" time="0.000">
    <skipped/>
  </testcase> <!-- testAdFeedback -->
  <testcase classname="testHomePage.TestMainPage" name="testManageYourContentAndDevices" time="0.000">
    <skipped/>
  </testcase> <!-- testManageYourContentAndDevices -->
  <testcase classname="testHomePage.TestMainPage" name="testNewYear" time="0.000">
    <skipped/>
  </testcase> <!-- testNewYear -->
  <testcase classname="testHomePage.TestMainPage" name="testSellOnAmazonBusiness" time="0.000">
    <skipped/>
  </testcase> <!-- testSellOnAmazonBusiness -->
  <testcase classname="testHomePage.TestMainPage" name="testAmazonDrive" time="0.000">
    <skipped/>
  </testcase> <!-- testAmazonDrive -->
  <testcase classname="testHomePage.TestMainPage" name="testPressCenter" time="0.000">
    <skipped/>
  </testcase> <!-- testPressCenter -->
  <testcase classname="testHomePage.TestMainPage" name="testAmazonRewardsVisaSignatureCards" time="0.000">
    <skipped/>
  </testcase> <!-- testAmazonRewardsVisaSignatureCards -->
  <testcase classname="testHomePage.TestMainPage" name="testYourOrders" time="0.000">
    <skipped/>
  </testcase> <!-- testYourOrders -->
  <testcase classname="testHomePage.TestMainPage" name="testSellOnAmazonHandmade" time="0.000">
    <skipped/>
  </testcase> <!-- testSellOnAmazonHandmade -->
  <testcase classname="testHomePage.TestMainPage" name="testNewYearNewYouReinventYourself" time="0.000">
    <skipped/>
  </testcase> <!-- testNewYearNewYouReinventYourself -->
  <testcase classname="testHomePage.TestMainPage" name="testBecomeAnAffiliate" time="0.000">
    <skipped/>
  </testcase> <!-- testBecomeAnAffiliate -->
  <testcase classname="testHomePage.TestMainPage" name="testAmazonPhotos" time="0.000">
    <skipped/>
  </testcase> <!-- testAmazonPhotos -->
  <testcase classname="testHomePage.TestMainPage" name="testLogo" time="0.000">
    <skipped/>
  </testcase> <!-- testLogo -->
</testsuite> <!-- testHomePage.TestMainPage -->
